<?xml version="1.0" encoding="UTF-8"?>
<coverage generated="1710421766850" clover="3.2.0">
  <project timestamp="1710421766850" name="All files">
    <metrics statements="241" coveredstatements="241" conditionals="208" coveredconditionals="208" methods="23" coveredmethods="23" elements="472" coveredelements="472" complexity="0" loc="241" ncloc="241" packages="1" files="1" classes="1"/>
    <file name="index.ts" path="C:\Users\konst\Documents\git\intl-currency-input\src\index.ts">
      <metrics statements="241" coveredstatements="241" conditionals="208" coveredconditionals="208" methods="23" coveredmethods="23"/>
      <line num="1" count="2" type="stmt"/>
      <line num="6" count="2" type="stmt"/>
      <line num="7" count="863" type="stmt"/>
      <line num="10" count="2" type="stmt"/>
      <line num="13" count="30" type="stmt"/>
      <line num="14" count="30" type="stmt"/>
      <line num="18" count="30" type="stmt"/>
      <line num="19" count="30" type="stmt"/>
      <line num="20" count="30" type="stmt"/>
      <line num="29" count="30" type="stmt"/>
      <line num="37" count="156" type="cond" truecount="1" falsecount="0"/>
      <line num="38" count="18" type="stmt"/>
      <line num="39" count="18" type="cond" truecount="1" falsecount="0"/>
      <line num="40" count="3" type="stmt"/>
      <line num="41" count="3" type="stmt"/>
      <line num="45" count="153" type="cond" truecount="1" falsecount="0"/>
      <line num="46" count="8" type="stmt"/>
      <line num="47" count="8" type="cond" truecount="1" falsecount="0"/>
      <line num="48" count="2" type="stmt"/>
      <line num="49" count="2" type="stmt"/>
      <line num="53" count="151" type="stmt"/>
      <line num="57" count="108" type="cond" truecount="1" falsecount="0"/>
      <line num="58" count="107" type="stmt"/>
      <line num="60" count="107" type="cond" truecount="3" falsecount="0"/>
      <line num="62" count="4" type="stmt"/>
      <line num="63" count="4" type="stmt"/>
      <line num="68" count="4" type="stmt"/>
      <line num="69" count="4" type="stmt"/>
      <line num="77" count="107" type="cond" truecount="1" falsecount="0"/>
      <line num="78" count="6" type="stmt"/>
      <line num="79" count="6" type="cond" truecount="1" falsecount="0"/>
      <line num="80" count="5" type="stmt"/>
      <line num="82" count="6" type="stmt"/>
      <line num="89" count="107" type="stmt"/>
      <line num="90" count="107" type="cond" truecount="2" falsecount="0"/>
      <line num="91" count="107" type="cond" truecount="2" falsecount="0"/>
      <line num="93" count="107" type="cond" truecount="4" falsecount="0"/>
      <line num="94" count="100" type="stmt"/>
      <line num="95" count="100" type="cond" truecount="2" falsecount="0"/>
      <line num="98" count="100" type="cond" truecount="2" falsecount="0"/>
      <line num="101" count="100" type="cond" truecount="2" falsecount="0"/>
      <line num="104" count="100" type="cond" truecount="2" falsecount="0"/>
      <line num="107" count="100" type="stmt"/>
      <line num="108" count="100" type="cond" truecount="4" falsecount="0"/>
      <line num="109" count="90" type="cond" truecount="2" falsecount="0"/>
      <line num="114" count="19" type="stmt"/>
      <line num="116" count="19" type="cond" truecount="4" falsecount="0"/>
      <line num="117" count="10" type="stmt"/>
      <line num="118" count="10" type="cond" truecount="2" falsecount="0"/>
      <line num="119" count="4" type="stmt"/>
      <line num="121" count="4" type="stmt"/>
      <line num="122" count="4" type="cond" truecount="2" falsecount="0"/>
      <line num="124" count="4" type="stmt"/>
      <line num="125" count="4" type="cond" truecount="2" falsecount="0"/>
      <line num="126" count="1" type="stmt"/>
      <line num="128" count="3" type="stmt"/>
      <line num="130" count="6" type="cond" truecount="5" falsecount="0"/>
      <line num="133" count="3" type="stmt"/>
      <line num="134" count="3" type="stmt"/>
      <line num="135" count="3" type="stmt"/>
      <line num="136" count="3" type="cond" truecount="4" falsecount="0"/>
      <line num="139" count="3" type="stmt"/>
      <line num="140" count="3" type="stmt"/>
      <line num="141" count="3" type="stmt"/>
      <line num="144" count="19" type="stmt"/>
      <line num="145" count="19" type="stmt"/>
      <line num="147" count="71" type="stmt"/>
      <line num="148" count="71" type="stmt"/>
      <line num="149" count="71" type="stmt"/>
      <line num="150" count="71" type="stmt"/>
      <line num="153" count="10" type="stmt"/>
      <line num="155" count="100" type="stmt"/>
      <line num="157" count="100" type="stmt"/>
      <line num="159" count="100" type="stmt"/>
      <line num="161" count="100" type="stmt"/>
      <line num="163" count="100" type="cond" truecount="2" falsecount="0"/>
      <line num="164" count="3" type="stmt"/>
      <line num="165" count="97" type="cond" truecount="1" falsecount="0"/>
      <line num="166" count="1" type="stmt"/>
      <line num="169" count="100" type="cond" truecount="3" falsecount="0"/>
      <line num="170" count="1" type="stmt"/>
      <line num="174" count="100" type="cond" truecount="1" falsecount="0"/>
      <line num="175" count="5" type="stmt"/>
      <line num="179" count="100" type="cond" truecount="2" falsecount="0"/>
      <line num="180" count="86" type="stmt"/>
      <line num="181" count="86" type="stmt"/>
      <line num="182" count="86" type="stmt"/>
      <line num="183" count="86" type="cond" truecount="4" falsecount="0"/>
      <line num="184" count="73" type="stmt"/>
      <line num="187" count="73" type="cond" truecount="2" falsecount="0"/>
      <line num="188" count="18" type="stmt"/>
      <line num="189" count="18" type="stmt"/>
      <line num="191" count="55" type="stmt"/>
      <line num="192" count="101" type="stmt"/>
      <line num="194" count="55" type="stmt"/>
      <line num="197" count="73" type="stmt"/>
      <line num="198" count="286" type="stmt"/>
      <line num="199" count="286" type="cond" truecount="4" falsecount="0"/>
      <line num="200" count="36" type="stmt"/>
      <line num="202" count="286" type="stmt"/>
      <line num="205" count="13" type="stmt"/>
      <line num="207" count="86" type="cond" truecount="4" falsecount="0"/>
      <line num="208" count="14" type="stmt"/>
      <line num="209" count="72" type="cond" truecount="4" falsecount="0"/>
      <line num="210" count="1" type="stmt"/>
      <line num="212" count="71" type="stmt"/>
      <line num="213" count="86" type="stmt"/>
      <line num="215" count="14" type="stmt"/>
      <line num="218" count="7" type="stmt"/>
      <line num="224" count="107" type="stmt"/>
      <line num="225" count="107" type="stmt"/>
      <line num="226" count="107" type="stmt"/>
      <line num="228" count="107" type="stmt"/>
      <line num="229" count="107" type="cond" truecount="2" falsecount="0"/>
      <line num="231" count="107" type="cond" truecount="2" falsecount="0"/>
      <line num="232" count="22" type="stmt"/>
      <line num="233" count="85" type="cond" truecount="1" falsecount="0"/>
      <line num="234" count="17" type="stmt"/>
      <line num="236" count="107" type="cond" truecount="4" falsecount="0"/>
      <line num="237" count="2" type="stmt"/>
      <line num="238" count="105" type="cond" truecount="5" falsecount="0"/>
      <line num="242" count="2" type="stmt"/>
      <line num="245" count="107" type="cond" truecount="1" falsecount="0"/>
      <line num="246" count="86" type="stmt"/>
      <line num="248" count="107" type="stmt"/>
      <line num="249" count="107" type="cond" truecount="2" falsecount="0"/>
      <line num="251" count="107" type="stmt"/>
      <line num="252" count="107" type="cond" truecount="1" falsecount="0"/>
      <line num="253" count="107" type="stmt"/>
      <line num="259" count="107" type="cond" truecount="2" falsecount="0"/>
      <line num="260" count="22" type="cond" truecount="1" falsecount="0"/>
      <line num="261" count="1" type="stmt"/>
      <line num="263" count="85" type="cond" truecount="1" falsecount="0"/>
      <line num="264" count="2" type="stmt"/>
      <line num="276" count="30" type="cond" truecount="2" falsecount="0"/>
      <line num="277" count="30" type="stmt"/>
      <line num="278" count="30" type="cond" truecount="2" falsecount="0"/>
      <line num="279" count="30" type="stmt"/>
      <line num="280" count="30" type="stmt"/>
      <line num="289" count="2" type="cond" truecount="1" falsecount="0"/>
      <line num="290" count="1" type="stmt"/>
      <line num="291" count="1" type="stmt"/>
      <line num="292" count="1" type="stmt"/>
      <line num="293" count="1" type="stmt"/>
      <line num="294" count="1" type="stmt"/>
      <line num="295" count="1" type="stmt"/>
      <line num="307" count="30" type="stmt"/>
      <line num="318" count="65" type="stmt"/>
      <line num="319" count="13" type="cond" truecount="1" falsecount="0"/>
      <line num="320" count="10" type="stmt"/>
      <line num="321" count="10" type="stmt"/>
      <line num="322" count="10" type="stmt"/>
      <line num="323" count="7" type="cond" truecount="1" falsecount="0"/>
      <line num="324" count="1" type="stmt"/>
      <line num="327" count="9" type="stmt"/>
      <line num="330" count="65" type="cond" truecount="3" falsecount="0"/>
      <line num="331" count="2" type="stmt"/>
      <line num="333" count="63" type="cond" truecount="10" falsecount="0"/>
      <line num="342" count="4" type="stmt"/>
      <line num="344" count="59" type="cond" truecount="7" falsecount="0"/>
      <line num="350" count="2" type="stmt"/>
      <line num="352" count="57" type="cond" truecount="8" falsecount="0"/>
      <line num="355" count="4" type="stmt"/>
      <line num="358" count="53" type="cond" truecount="1" falsecount="0"/>
      <line num="359" count="1" type="stmt"/>
      <line num="360" count="1" type="stmt"/>
      <line num="363" count="53" type="cond" truecount="1" falsecount="0"/>
      <line num="364" count="1" type="stmt"/>
      <line num="365" count="1" type="stmt"/>
      <line num="368" count="53" type="cond" truecount="1" falsecount="0"/>
      <line num="369" count="1" type="stmt"/>
      <line num="370" count="1" type="stmt"/>
      <line num="373" count="53" type="stmt"/>
      <line num="374" count="53" type="stmt"/>
      <line num="376" count="53" type="stmt"/>
      <line num="377" count="53" type="stmt"/>
      <line num="378" count="53" type="stmt"/>
      <line num="379" count="53" type="stmt"/>
      <line num="380" count="53" type="stmt"/>
      <line num="381" count="53" type="stmt"/>
      <line num="382" count="53" type="stmt"/>
      <line num="383" count="53" type="stmt"/>
      <line num="390" count="8" type="cond" truecount="2" falsecount="0"/>
      <line num="391" count="7" type="stmt"/>
      <line num="393" count="1" type="stmt"/>
      <line num="395" count="8" type="stmt"/>
      <line num="402" count="6" type="cond" truecount="2" falsecount="0"/>
      <line num="403" count="5" type="stmt"/>
      <line num="405" count="1" type="stmt"/>
      <line num="407" count="6" type="stmt"/>
      <line num="416" count="38" type="stmt"/>
      <line num="417" count="38" type="stmt"/>
      <line num="419" count="38" type="cond" truecount="3" falsecount="0"/>
      <line num="420" count="1" type="stmt"/>
      <line num="421" count="38" type="cond" truecount="3" falsecount="0"/>
      <line num="422" count="1" type="stmt"/>
      <line num="424" count="38" type="stmt"/>
      <line num="434" count="190" type="stmt"/>
      <line num="436" count="190" type="cond" truecount="2" falsecount="0"/>
      <line num="437" count="190" type="cond" truecount="2" falsecount="0"/>
      <line num="439" count="190" type="stmt"/>
      <line num="451" count="190" type="stmt"/>
      <line num="452" count="190" type="cond" truecount="2" falsecount="0"/>
      <line num="453" count="161" type="stmt"/>
      <line num="454" count="161" type="stmt"/>
      <line num="455" count="12" type="stmt"/>
      <line num="457" count="29" type="cond" truecount="3" falsecount="0"/>
      <line num="458" count="13" type="stmt"/>
      <line num="459" count="13" type="stmt"/>
      <line num="460" count="26" type="stmt"/>
      <line num="464" count="190" type="cond" truecount="7" falsecount="0"/>
      <line num="465" count="26" type="stmt"/>
      <line num="466" count="190" type="stmt"/>
      <line num="473" count="101" type="stmt"/>
      <line num="480" count="2" type="stmt"/>
      <line num="487" count="2" type="stmt"/>
      <line num="494" count="3" type="stmt"/>
      <line num="504" count="7" type="stmt"/>
      <line num="505" count="7" type="stmt"/>
      <line num="515" count="1" type="stmt"/>
      <line num="524" count="1" type="stmt"/>
      <line num="533" count="1" type="stmt"/>
      <line num="541" count="8" type="cond" truecount="2" falsecount="0"/>
      <line num="542" count="1" type="stmt"/>
      <line num="544" count="7" type="stmt"/>
      <line num="545" count="7" type="cond" truecount="1" falsecount="0"/>
      <line num="546" count="1" type="stmt"/>
      <line num="547" count="6" type="cond" truecount="3" falsecount="0"/>
      <line num="548" count="1" type="stmt"/>
      <line num="549" count="5" type="stmt"/>
      <line num="551" count="6" type="stmt"/>
      <line num="555" count="7" type="cond" truecount="2" falsecount="0"/>
      <line num="556" count="1" type="stmt"/>
      <line num="558" count="6" type="stmt"/>
      <line num="559" count="6" type="cond" truecount="1" falsecount="0"/>
      <line num="560" count="1" type="stmt"/>
      <line num="561" count="5" type="cond" truecount="3" falsecount="0"/>
      <line num="562" count="1" type="stmt"/>
      <line num="563" count="4" type="stmt"/>
      <line num="565" count="5" type="stmt"/>
      <line num="573" count="1" type="stmt"/>
    </file>
  </project>
</coverage>
