{"C:\\Users\\konst\\Documents\\git\\intl-currency-input\\src\\index.ts": {"path":"C:\\Users\\konst\\Documents\\git\\intl-currency-input\\src\\index.ts","statementMap":{"0":{"start":{"line":1,"column":0},"end":{"line":1,"column":86}},"1":{"start":{"line":6,"column":12},"end":{"line":8,"column":1}},"2":{"start":{"line":7,"column":4},"end":{"line":7,"column":57}},"3":{"start":{"line":37,"column":8},"end":{"line":43,"column":null}},"4":{"start":{"line":38,"column":24},"end":{"line":38,"column":67}},"5":{"start":{"line":39,"column":12},"end":{"line":42,"column":null}},"6":{"start":{"line":40,"column":16},"end":{"line":40,"column":47}},"7":{"start":{"line":41,"column":16},"end":{"line":41,"column":28}},"8":{"start":{"line":45,"column":8},"end":{"line":51,"column":null}},"9":{"start":{"line":46,"column":24},"end":{"line":46,"column":67}},"10":{"start":{"line":47,"column":12},"end":{"line":50,"column":null}},"11":{"start":{"line":48,"column":16},"end":{"line":48,"column":47}},"12":{"start":{"line":49,"column":16},"end":{"line":49,"column":28}},"13":{"start":{"line":53,"column":8},"end":{"line":53,"column":21}},"14":{"start":{"line":57,"column":8},"end":{"line":57,"column":59}},"15":{"start":{"line":57,"column":52},"end":{"line":57,"column":59}},"16":{"start":{"line":58,"column":31},"end":{"line":58,"column":55}},"17":{"start":{"line":60,"column":8},"end":{"line":74,"column":null}},"18":{"start":{"line":62,"column":26},"end":{"line":62,"column":52}},"19":{"start":{"line":63,"column":12},"end":{"line":67,"column":46}},"20":{"start":{"line":68,"column":12},"end":{"line":73,"column":null}},"21":{"start":{"line":69,"column":16},"end":{"line":69,"column":60}},"22":{"start":{"line":77,"column":8},"end":{"line":83,"column":null}},"23":{"start":{"line":78,"column":28},"end":{"line":78,"column":31}},"24":{"start":{"line":79,"column":12},"end":{"line":81,"column":null}},"25":{"start":{"line":80,"column":16},"end":{"line":80,"column":82}},"26":{"start":{"line":82,"column":12},"end":{"line":82,"column":77}},"27":{"start":{"line":89,"column":37},"end":{"line":89,"column":42}},"28":{"start":{"line":90,"column":34},"end":{"line":90,"column":130}},"29":{"start":{"line":91,"column":34},"end":{"line":91,"column":130}},"30":{"start":{"line":93,"column":8},"end":{"line":219,"column":null}},"31":{"start":{"line":94,"column":37},"end":{"line":94,"column":72}},"32":{"start":{"line":95,"column":34},"end":{"line":97,"column":62}},"33":{"start":{"line":98,"column":34},"end":{"line":100,"column":62}},"34":{"start":{"line":101,"column":41},"end":{"line":103,"column":76}},"35":{"start":{"line":104,"column":41},"end":{"line":106,"column":76}},"36":{"start":{"line":107,"column":45},"end":{"line":107,"column":48}},"37":{"start":{"line":108,"column":12},"end":{"line":154,"column":null}},"38":{"start":{"line":109,"column":16},"end":{"line":151,"column":null}},"39":{"start":{"line":114,"column":42},"end":{"line":114,"column":101}},"40":{"start":{"line":116,"column":20},"end":{"line":143,"column":null}},"41":{"start":{"line":117,"column":42},"end":{"line":117,"column":59}},"42":{"start":{"line":118,"column":24},"end":{"line":142,"column":null}},"43":{"start":{"line":119,"column":28},"end":{"line":119,"column":107}},"44":{"start":{"line":121,"column":46},"end":{"line":121,"column":92}},"45":{"start":{"line":122,"column":45},"end":{"line":122,"column":90}},"46":{"start":{"line":124,"column":28},"end":{"line":124,"column":60}},"47":{"start":{"line":125,"column":28},"end":{"line":129,"column":null}},"48":{"start":{"line":126,"column":32},"end":{"line":126,"column":84}},"49":{"start":{"line":128,"column":32},"end":{"line":128,"column":82}},"50":{"start":{"line":130,"column":31},"end":{"line":142,"column":null}},"51":{"start":{"line":133,"column":28},"end":{"line":133,"column":115}},"52":{"start":{"line":134,"column":28},"end":{"line":134,"column":60}},"53":{"start":{"line":135,"column":28},"end":{"line":135,"column":72}},"54":{"start":{"line":136,"column":31},"end":{"line":142,"column":null}},"55":{"start":{"line":139,"column":28},"end":{"line":139,"column":115}},"56":{"start":{"line":140,"column":28},"end":{"line":140,"column":60}},"57":{"start":{"line":141,"column":28},"end":{"line":141,"column":80}},"58":{"start":{"line":144,"column":20},"end":{"line":144,"column":98}},"59":{"start":{"line":145,"column":20},"end":{"line":145,"column":135}},"60":{"start":{"line":147,"column":20},"end":{"line":147,"column":48}},"61":{"start":{"line":148,"column":20},"end":{"line":148,"column":141}},"62":{"start":{"line":149,"column":20},"end":{"line":149,"column":55}},"63":{"start":{"line":150,"column":20},"end":{"line":150,"column":149}},"64":{"start":{"line":153,"column":16},"end":{"line":153,"column":54}},"65":{"start":{"line":155,"column":12},"end":{"line":155,"column":38}},"66":{"start":{"line":157,"column":33},"end":{"line":157,"column":63}},"67":{"start":{"line":159,"column":26},"end":{"line":159,"column":109}},"68":{"start":{"line":161,"column":27},"end":{"line":161,"column":94}},"69":{"start":{"line":163,"column":12},"end":{"line":167,"column":null}},"70":{"start":{"line":164,"column":16},"end":{"line":164,"column":42}},"71":{"start":{"line":165,"column":19},"end":{"line":167,"column":null}},"72":{"start":{"line":166,"column":16},"end":{"line":166,"column":31}},"73":{"start":{"line":169,"column":12},"end":{"line":171,"column":null}},"74":{"start":{"line":170,"column":16},"end":{"line":170,"column":49}},"75":{"start":{"line":174,"column":12},"end":{"line":176,"column":null}},"76":{"start":{"line":175,"column":16},"end":{"line":175,"column":49}},"77":{"start":{"line":179,"column":12},"end":{"line":216,"column":null}},"78":{"start":{"line":180,"column":34},"end":{"line":180,"column":59}},"79":{"start":{"line":181,"column":34},"end":{"line":181,"column":64}},"80":{"start":{"line":182,"column":29},"end":{"line":182,"column":31}},"81":{"start":{"line":183,"column":16},"end":{"line":206,"column":null}},"82":{"start":{"line":184,"column":38},"end":{"line":184,"column":88}},"83":{"start":{"line":187,"column":20},"end":{"line":195,"column":null}},"84":{"start":{"line":188,"column":24},"end":{"line":188,"column":58}},"85":{"start":{"line":189,"column":24},"end":{"line":189,"column":36}},"86":{"start":{"line":191,"column":24},"end":{"line":193,"column":null}},"87":{"start":{"line":191,"column":37},"end":{"line":191,"column":56}},"88":{"start":{"line":192,"column":28},"end":{"line":192,"column":58}},"89":{"start":{"line":194,"column":24},"end":{"line":194,"column":36}},"90":{"start":{"line":197,"column":20},"end":{"line":203,"column":null}},"91":{"start":{"line":197,"column":33},"end":{"line":197,"column":44}},"92":{"start":{"line":198,"column":24},"end":{"line":198,"column":54}},"93":{"start":{"line":199,"column":24},"end":{"line":201,"column":null}},"94":{"start":{"line":200,"column":28},"end":{"line":200,"column":56}},"95":{"start":{"line":202,"column":24},"end":{"line":202,"column":34}},"96":{"start":{"line":205,"column":20},"end":{"line":205,"column":38}},"97":{"start":{"line":207,"column":16},"end":{"line":212,"column":68}},"98":{"start":{"line":208,"column":20},"end":{"line":208,"column":72}},"99":{"start":{"line":209,"column":21},"end":{"line":212,"column":68}},"100":{"start":{"line":210,"column":20},"end":{"line":210,"column":72}},"101":{"start":{"line":212,"column":20},"end":{"line":212,"column":68}},"102":{"start":{"line":213,"column":16},"end":{"line":213,"column":42}},"103":{"start":{"line":215,"column":16},"end":{"line":215,"column":37}},"104":{"start":{"line":218,"column":12},"end":{"line":218,"column":33}},"105":{"start":{"line":224,"column":28},"end":{"line":224,"column":36}},"106":{"start":{"line":225,"column":26},"end":{"line":225,"column":50}},"107":{"start":{"line":226,"column":26},"end":{"line":226,"column":49}},"108":{"start":{"line":228,"column":8},"end":{"line":228,"column":45}},"109":{"start":{"line":229,"column":27},"end":{"line":229,"column":121}},"110":{"start":{"line":231,"column":8},"end":{"line":234,"column":48}},"111":{"start":{"line":232,"column":12},"end":{"line":232,"column":48}},"112":{"start":{"line":233,"column":13},"end":{"line":234,"column":48}},"113":{"start":{"line":234,"column":12},"end":{"line":234,"column":48}},"114":{"start":{"line":236,"column":8},"end":{"line":242,"column":62}},"115":{"start":{"line":237,"column":12},"end":{"line":237,"column":23}},"116":{"start":{"line":238,"column":13},"end":{"line":242,"column":62}},"117":{"start":{"line":242,"column":12},"end":{"line":242,"column":62}},"118":{"start":{"line":245,"column":8},"end":{"line":246,"column":48}},"119":{"start":{"line":246,"column":12},"end":{"line":246,"column":48}},"120":{"start":{"line":248,"column":37},"end":{"line":248,"column":59}},"121":{"start":{"line":249,"column":8},"end":{"line":249,"column":38}},"122":{"start":{"line":251,"column":8},"end":{"line":257,"column":null}},"123":{"start":{"line":252,"column":12},"end":{"line":252,"column":40}},"124":{"start":{"line":252,"column":29},"end":{"line":252,"column":40}},"125":{"start":{"line":253,"column":12},"end":{"line":253,"column":62}},"126":{"start":{"line":259,"column":8},"end":{"line":265,"column":null}},"127":{"start":{"line":260,"column":12},"end":{"line":261,"column":40}},"128":{"start":{"line":261,"column":16},"end":{"line":261,"column":40}},"129":{"start":{"line":263,"column":12},"end":{"line":264,"column":38}},"130":{"start":{"line":264,"column":16},"end":{"line":264,"column":38}},"131":{"start":{"line":13,"column":12},"end":{"line":13,"column":38}},"132":{"start":{"line":14,"column":12},"end":{"line":14,"column":38}},"133":{"start":{"line":18,"column":12},"end":{"line":18,"column":55}},"134":{"start":{"line":19,"column":12},"end":{"line":19,"column":57}},"135":{"start":{"line":20,"column":12},"end":{"line":20,"column":41}},"136":{"start":{"line":29,"column":12},"end":{"line":29,"column":48}},"137":{"start":{"line":276,"column":8},"end":{"line":276,"column":93}},"138":{"start":{"line":277,"column":8},"end":{"line":277,"column":35}},"139":{"start":{"line":278,"column":8},"end":{"line":278,"column":75}},"140":{"start":{"line":279,"column":8},"end":{"line":279,"column":58}},"141":{"start":{"line":280,"column":8},"end":{"line":280,"column":84}},"142":{"start":{"line":289,"column":8},"end":{"line":290,"column":19}},"143":{"start":{"line":290,"column":12},"end":{"line":290,"column":19}},"144":{"start":{"line":291,"column":8},"end":{"line":291,"column":87}},"145":{"start":{"line":292,"column":8},"end":{"line":292,"column":35}},"146":{"start":{"line":293,"column":8},"end":{"line":293,"column":45}},"147":{"start":{"line":294,"column":8},"end":{"line":294,"column":58}},"148":{"start":{"line":295,"column":8},"end":{"line":295,"column":84}},"149":{"start":{"line":307,"column":8},"end":{"line":307,"column":87}},"150":{"start":{"line":318,"column":38},"end":{"line":328,"column":9}},"151":{"start":{"line":319,"column":12},"end":{"line":319,"column":43}},"152":{"start":{"line":319,"column":31},"end":{"line":319,"column":43}},"153":{"start":{"line":320,"column":29},"end":{"line":320,"column":42}},"154":{"start":{"line":321,"column":29},"end":{"line":321,"column":42}},"155":{"start":{"line":322,"column":12},"end":{"line":326,"column":null}},"156":{"start":{"line":323,"column":16},"end":{"line":325,"column":null}},"157":{"start":{"line":324,"column":20},"end":{"line":324,"column":32}},"158":{"start":{"line":327,"column":12},"end":{"line":327,"column":25}},"159":{"start":{"line":330,"column":8},"end":{"line":331,"column":66}},"160":{"start":{"line":331,"column":12},"end":{"line":331,"column":66}},"161":{"start":{"line":333,"column":8},"end":{"line":342,"column":98}},"162":{"start":{"line":342,"column":12},"end":{"line":342,"column":98}},"163":{"start":{"line":344,"column":8},"end":{"line":350,"column":83}},"164":{"start":{"line":350,"column":12},"end":{"line":350,"column":83}},"165":{"start":{"line":352,"column":8},"end":{"line":356,"column":29}},"166":{"start":{"line":355,"column":12},"end":{"line":356,"column":29}},"167":{"start":{"line":358,"column":8},"end":{"line":361,"column":null}},"168":{"start":{"line":359,"column":12},"end":{"line":359,"column":42}},"169":{"start":{"line":360,"column":12},"end":{"line":360,"column":111}},"170":{"start":{"line":363,"column":8},"end":{"line":366,"column":null}},"171":{"start":{"line":364,"column":12},"end":{"line":364,"column":37}},"172":{"start":{"line":365,"column":12},"end":{"line":365,"column":106}},"173":{"start":{"line":368,"column":8},"end":{"line":371,"column":null}},"174":{"start":{"line":369,"column":12},"end":{"line":369,"column":43}},"175":{"start":{"line":370,"column":12},"end":{"line":370,"column":111}},"176":{"start":{"line":373,"column":8},"end":{"line":373,"column":48}},"177":{"start":{"line":374,"column":8},"end":{"line":374,"column":83}},"178":{"start":{"line":376,"column":8},"end":{"line":376,"column":56}},"179":{"start":{"line":377,"column":8},"end":{"line":377,"column":56}},"180":{"start":{"line":378,"column":8},"end":{"line":378,"column":55}},"181":{"start":{"line":379,"column":8},"end":{"line":379,"column":55}},"182":{"start":{"line":380,"column":8},"end":{"line":380,"column":72}},"183":{"start":{"line":381,"column":8},"end":{"line":381,"column":72}},"184":{"start":{"line":382,"column":8},"end":{"line":382,"column":72}},"185":{"start":{"line":383,"column":8},"end":{"line":383,"column":72}},"186":{"start":{"line":390,"column":8},"end":{"line":394,"column":null}},"187":{"start":{"line":391,"column":12},"end":{"line":391,"column":63}},"188":{"start":{"line":393,"column":12},"end":{"line":393,"column":52}},"189":{"start":{"line":395,"column":8},"end":{"line":395,"column":83}},"190":{"start":{"line":402,"column":8},"end":{"line":406,"column":null}},"191":{"start":{"line":403,"column":12},"end":{"line":403,"column":68}},"192":{"start":{"line":405,"column":12},"end":{"line":405,"column":57}},"193":{"start":{"line":407,"column":8},"end":{"line":407,"column":83}},"194":{"start":{"line":416,"column":8},"end":{"line":416,"column":39}},"195":{"start":{"line":417,"column":8},"end":{"line":417,"column":83}},"196":{"start":{"line":419,"column":8},"end":{"line":420,"column":29}},"197":{"start":{"line":420,"column":12},"end":{"line":420,"column":29}},"198":{"start":{"line":421,"column":8},"end":{"line":422,"column":29}},"199":{"start":{"line":422,"column":12},"end":{"line":422,"column":29}},"200":{"start":{"line":424,"column":8},"end":{"line":424,"column":31}},"201":{"start":{"line":434,"column":33},"end":{"line":434,"column":68}},"202":{"start":{"line":436,"column":34},"end":{"line":436,"column":130}},"203":{"start":{"line":437,"column":34},"end":{"line":437,"column":130}},"204":{"start":{"line":439,"column":23},"end":{"line":449,"column":59}},"205":{"start":{"line":451,"column":34},"end":{"line":451,"column":55}},"206":{"start":{"line":452,"column":8},"end":{"line":462,"column":null}},"207":{"start":{"line":453,"column":35},"end":{"line":453,"column":115}},"208":{"start":{"line":454,"column":12},"end":{"line":456,"column":null}},"209":{"start":{"line":454,"column":25},"end":{"line":454,"column":26}},"210":{"start":{"line":455,"column":16},"end":{"line":455,"column":32}},"211":{"start":{"line":457,"column":15},"end":{"line":462,"column":null}},"212":{"start":{"line":458,"column":12},"end":{"line":458,"column":null}},"213":{"start":{"line":459,"column":12},"end":{"line":461,"column":null}},"214":{"start":{"line":459,"column":25},"end":{"line":459,"column":26}},"215":{"start":{"line":460,"column":16},"end":{"line":460,"column":32}},"216":{"start":{"line":464,"column":8},"end":{"line":465,"column":38}},"217":{"start":{"line":465,"column":12},"end":{"line":465,"column":38}},"218":{"start":{"line":466,"column":8},"end":{"line":466,"column":24}},"219":{"start":{"line":473,"column":8},"end":{"line":473,"column":51}},"220":{"start":{"line":480,"column":8},"end":{"line":480,"column":36}},"221":{"start":{"line":487,"column":8},"end":{"line":487,"column":37}},"222":{"start":{"line":494,"column":8},"end":{"line":494,"column":36}},"223":{"start":{"line":504,"column":8},"end":{"line":504,"column":32}},"224":{"start":{"line":505,"column":8},"end":{"line":505,"column":72}},"225":{"start":{"line":515,"column":8},"end":{"line":515,"column":33}},"226":{"start":{"line":524,"column":8},"end":{"line":524,"column":39}},"227":{"start":{"line":533,"column":8},"end":{"line":533,"column":41}},"228":{"start":{"line":541,"column":8},"end":{"line":550,"column":null}},"229":{"start":{"line":542,"column":12},"end":{"line":542,"column":29}},"230":{"start":{"line":544,"column":27},"end":{"line":544,"column":41}},"231":{"start":{"line":545,"column":12},"end":{"line":546,"column":114}},"232":{"start":{"line":546,"column":16},"end":{"line":546,"column":114}},"233":{"start":{"line":547,"column":12},"end":{"line":548,"column":66}},"234":{"start":{"line":548,"column":16},"end":{"line":548,"column":66}},"235":{"start":{"line":549,"column":12},"end":{"line":549,"column":31}},"236":{"start":{"line":551,"column":8},"end":{"line":551,"column":31}},"237":{"start":{"line":555,"column":8},"end":{"line":564,"column":null}},"238":{"start":{"line":556,"column":12},"end":{"line":556,"column":29}},"239":{"start":{"line":558,"column":27},"end":{"line":558,"column":41}},"240":{"start":{"line":559,"column":12},"end":{"line":560,"column":114}},"241":{"start":{"line":560,"column":16},"end":{"line":560,"column":114}},"242":{"start":{"line":561,"column":12},"end":{"line":562,"column":67}},"243":{"start":{"line":562,"column":16},"end":{"line":562,"column":67}},"244":{"start":{"line":563,"column":12},"end":{"line":563,"column":31}},"245":{"start":{"line":565,"column":8},"end":{"line":565,"column":31}},"246":{"start":{"line":573,"column":8},"end":{"line":573,"column":38}},"247":{"start":{"line":10,"column":0},"end":{"line":10,"column":21}}},"fnMap":{"0":{"name":"(anonymous_0)","decl":{"start":{"line":6,"column":12},"end":{"line":6,"column":13}},"loc":{"start":{"line":6,"column":31},"end":{"line":8,"column":1}}},"1":{"name":"(anonymous_1)","decl":{"start":{"line":35,"column":12},"end":{"line":35,"column":27}},"loc":{"start":{"line":35,"column":27},"end":{"line":54,"column":5}}},"2":{"name":"(anonymous_2)","decl":{"start":{"line":56,"column":12},"end":{"line":56,"column":23}},"loc":{"start":{"line":56,"column":37},"end":{"line":266,"column":5}}},"3":{"name":"(anonymous_3)","decl":{"start":{"line":275,"column":4},"end":{"line":275,"column":16}},"loc":{"start":{"line":275,"column":106},"end":{"line":281,"column":5}}},"4":{"name":"(anonymous_4)","decl":{"start":{"line":288,"column":11},"end":{"line":288,"column":18}},"loc":{"start":{"line":288,"column":49},"end":{"line":296,"column":5}}},"5":{"name":"(anonymous_5)","decl":{"start":{"line":306,"column":4},"end":{"line":306,"column":11}},"loc":{"start":{"line":306,"column":11},"end":{"line":308,"column":5}}},"6":{"name":"(anonymous_6)","decl":{"start":{"line":316,"column":11},"end":{"line":316,"column":17}},"loc":{"start":{"line":316,"column":41},"end":{"line":384,"column":5}}},"7":{"name":"(anonymous_7)","decl":{"start":{"line":318,"column":38},"end":{"line":318,"column":39}},"loc":{"start":{"line":318,"column":78},"end":{"line":328,"column":9}}},"8":{"name":"(anonymous_8)","decl":{"start":{"line":389,"column":11},"end":{"line":389,"column":14}},"loc":{"start":{"line":389,"column":36},"end":{"line":396,"column":5}}},"9":{"name":"(anonymous_9)","decl":{"start":{"line":401,"column":11},"end":{"line":401,"column":19}},"loc":{"start":{"line":401,"column":41},"end":{"line":408,"column":5}}},"10":{"name":"(anonymous_10)","decl":{"start":{"line":415,"column":11},"end":{"line":415,"column":19}},"loc":{"start":{"line":415,"column":33},"end":{"line":425,"column":5}}},"11":{"name":"(anonymous_11)","decl":{"start":{"line":432,"column":11},"end":{"line":432,"column":19}},"loc":{"start":{"line":432,"column":19},"end":{"line":467,"column":5}}},"12":{"name":"(anonymous_12)","decl":{"start":{"line":472,"column":11},"end":{"line":472,"column":28}},"loc":{"start":{"line":472,"column":28},"end":{"line":474,"column":5}}},"13":{"name":"(anonymous_13)","decl":{"start":{"line":479,"column":11},"end":{"line":479,"column":18}},"loc":{"start":{"line":479,"column":18},"end":{"line":481,"column":5}}},"14":{"name":"(anonymous_14)","decl":{"start":{"line":486,"column":11},"end":{"line":486,"column":17}},"loc":{"start":{"line":486,"column":17},"end":{"line":488,"column":5}}},"15":{"name":"(anonymous_15)","decl":{"start":{"line":493,"column":11},"end":{"line":493,"column":21}},"loc":{"start":{"line":493,"column":21},"end":{"line":495,"column":5}}},"16":{"name":"(anonymous_16)","decl":{"start":{"line":503,"column":11},"end":{"line":503,"column":27}},"loc":{"start":{"line":503,"column":27},"end":{"line":506,"column":5}}},"17":{"name":"(anonymous_17)","decl":{"start":{"line":514,"column":11},"end":{"line":514,"column":28}},"loc":{"start":{"line":514,"column":28},"end":{"line":516,"column":5}}},"18":{"name":"(anonymous_18)","decl":{"start":{"line":523,"column":11},"end":{"line":523,"column":24}},"loc":{"start":{"line":523,"column":47},"end":{"line":525,"column":5}}},"19":{"name":"(anonymous_19)","decl":{"start":{"line":532,"column":11},"end":{"line":532,"column":26}},"loc":{"start":{"line":532,"column":49},"end":{"line":534,"column":5}}},"20":{"name":"(anonymous_20)","decl":{"start":{"line":540,"column":11},"end":{"line":540,"column":17}},"loc":{"start":{"line":540,"column":36},"end":{"line":552,"column":5}}},"21":{"name":"(anonymous_21)","decl":{"start":{"line":554,"column":11},"end":{"line":554,"column":17}},"loc":{"start":{"line":554,"column":36},"end":{"line":566,"column":5}}},"22":{"name":"(anonymous_22)","decl":{"start":{"line":572,"column":11},"end":{"line":572,"column":28}},"loc":{"start":{"line":572,"column":41},"end":{"line":574,"column":5}}}},"branchMap":{"0":{"loc":{"start":{"line":37,"column":8},"end":{"line":43,"column":null}},"type":"if","locations":[{"start":{"line":37,"column":8},"end":{"line":43,"column":null}}]},"1":{"loc":{"start":{"line":39,"column":12},"end":{"line":42,"column":null}},"type":"if","locations":[{"start":{"line":39,"column":12},"end":{"line":42,"column":null}}]},"2":{"loc":{"start":{"line":45,"column":8},"end":{"line":51,"column":null}},"type":"if","locations":[{"start":{"line":45,"column":8},"end":{"line":51,"column":null}}]},"3":{"loc":{"start":{"line":47,"column":12},"end":{"line":50,"column":null}},"type":"if","locations":[{"start":{"line":47,"column":12},"end":{"line":50,"column":null}}]},"4":{"loc":{"start":{"line":57,"column":8},"end":{"line":57,"column":59}},"type":"if","locations":[{"start":{"line":57,"column":8},"end":{"line":57,"column":59}}]},"5":{"loc":{"start":{"line":60,"column":8},"end":{"line":74,"column":null}},"type":"if","locations":[{"start":{"line":60,"column":8},"end":{"line":74,"column":null}}]},"6":{"loc":{"start":{"line":60,"column":12},"end":{"line":61,"column":53}},"type":"binary-expr","locations":[{"start":{"line":60,"column":12},"end":{"line":60,"column":53}},{"start":{"line":61,"column":12},"end":{"line":61,"column":53}}]},"7":{"loc":{"start":{"line":77,"column":8},"end":{"line":83,"column":null}},"type":"if","locations":[{"start":{"line":77,"column":8},"end":{"line":83,"column":null}}]},"8":{"loc":{"start":{"line":79,"column":12},"end":{"line":81,"column":null}},"type":"if","locations":[{"start":{"line":79,"column":12},"end":{"line":81,"column":null}}]},"9":{"loc":{"start":{"line":90,"column":34},"end":{"line":90,"column":130}},"type":"binary-expr","locations":[{"start":{"line":90,"column":34},"end":{"line":90,"column":80}},{"start":{"line":90,"column":84},"end":{"line":90,"column":130}}]},"10":{"loc":{"start":{"line":91,"column":34},"end":{"line":91,"column":130}},"type":"binary-expr","locations":[{"start":{"line":91,"column":34},"end":{"line":91,"column":80}},{"start":{"line":91,"column":84},"end":{"line":91,"column":130}}]},"11":{"loc":{"start":{"line":93,"column":8},"end":{"line":219,"column":null}},"type":"if","locations":[{"start":{"line":93,"column":8},"end":{"line":219,"column":null}},{"start":{"line":217,"column":15},"end":{"line":219,"column":null}}]},"12":{"loc":{"start":{"line":93,"column":12},"end":{"line":93,"column":32}},"type":"binary-expr","locations":[{"start":{"line":93,"column":12},"end":{"line":93,"column":20}},{"start":{"line":93,"column":24},"end":{"line":93,"column":32}}]},"13":{"loc":{"start":{"line":95,"column":34},"end":{"line":97,"column":62}},"type":"cond-expr","locations":[{"start":{"line":96,"column":17},"end":{"line":96,"column":61}},{"start":{"line":97,"column":17},"end":{"line":97,"column":61}}]},"14":{"loc":{"start":{"line":96,"column":17},"end":{"line":96,"column":61}},"type":"cond-expr","locations":[{"start":{"line":96,"column":28},"end":{"line":96,"column":43}},{"start":{"line":96,"column":46},"end":{"line":96,"column":61}}]},"15":{"loc":{"start":{"line":97,"column":17},"end":{"line":97,"column":61}},"type":"cond-expr","locations":[{"start":{"line":97,"column":28},"end":{"line":97,"column":43}},{"start":{"line":97,"column":46},"end":{"line":97,"column":61}}]},"16":{"loc":{"start":{"line":98,"column":34},"end":{"line":100,"column":62}},"type":"cond-expr","locations":[{"start":{"line":99,"column":17},"end":{"line":99,"column":61}},{"start":{"line":100,"column":17},"end":{"line":100,"column":61}}]},"17":{"loc":{"start":{"line":99,"column":17},"end":{"line":99,"column":61}},"type":"cond-expr","locations":[{"start":{"line":99,"column":28},"end":{"line":99,"column":43}},{"start":{"line":99,"column":46},"end":{"line":99,"column":61}}]},"18":{"loc":{"start":{"line":100,"column":17},"end":{"line":100,"column":61}},"type":"cond-expr","locations":[{"start":{"line":100,"column":28},"end":{"line":100,"column":43}},{"start":{"line":100,"column":46},"end":{"line":100,"column":61}}]},"19":{"loc":{"start":{"line":101,"column":41},"end":{"line":103,"column":76}},"type":"cond-expr","locations":[{"start":{"line":102,"column":17},"end":{"line":102,"column":75}},{"start":{"line":103,"column":17},"end":{"line":103,"column":75}}]},"20":{"loc":{"start":{"line":102,"column":17},"end":{"line":102,"column":75}},"type":"cond-expr","locations":[{"start":{"line":102,"column":28},"end":{"line":102,"column":50}},{"start":{"line":102,"column":53},"end":{"line":102,"column":75}}]},"21":{"loc":{"start":{"line":103,"column":17},"end":{"line":103,"column":75}},"type":"cond-expr","locations":[{"start":{"line":103,"column":28},"end":{"line":103,"column":50}},{"start":{"line":103,"column":53},"end":{"line":103,"column":75}}]},"22":{"loc":{"start":{"line":104,"column":41},"end":{"line":106,"column":76}},"type":"cond-expr","locations":[{"start":{"line":105,"column":17},"end":{"line":105,"column":75}},{"start":{"line":106,"column":17},"end":{"line":106,"column":75}}]},"23":{"loc":{"start":{"line":105,"column":17},"end":{"line":105,"column":75}},"type":"cond-expr","locations":[{"start":{"line":105,"column":28},"end":{"line":105,"column":50}},{"start":{"line":105,"column":53},"end":{"line":105,"column":75}}]},"24":{"loc":{"start":{"line":106,"column":17},"end":{"line":106,"column":75}},"type":"cond-expr","locations":[{"start":{"line":106,"column":28},"end":{"line":106,"column":50}},{"start":{"line":106,"column":53},"end":{"line":106,"column":75}}]},"25":{"loc":{"start":{"line":108,"column":12},"end":{"line":154,"column":null}},"type":"if","locations":[{"start":{"line":108,"column":12},"end":{"line":154,"column":null}},{"start":{"line":152,"column":19},"end":{"line":154,"column":null}}]},"26":{"loc":{"start":{"line":108,"column":16},"end":{"line":108,"column":97}},"type":"binary-expr","locations":[{"start":{"line":108,"column":16},"end":{"line":108,"column":54}},{"start":{"line":108,"column":58},"end":{"line":108,"column":97}}]},"27":{"loc":{"start":{"line":109,"column":16},"end":{"line":151,"column":null}},"type":"if","locations":[{"start":{"line":109,"column":16},"end":{"line":151,"column":null}},{"start":{"line":146,"column":23},"end":{"line":151,"column":null}}]},"28":{"loc":{"start":{"line":116,"column":20},"end":{"line":143,"column":null}},"type":"if","locations":[{"start":{"line":116,"column":20},"end":{"line":143,"column":null}}]},"29":{"loc":{"start":{"line":116,"column":24},"end":{"line":116,"column":81}},"type":"binary-expr","locations":[{"start":{"line":116,"column":24},"end":{"line":116,"column":39}},{"start":{"line":116,"column":43},"end":{"line":116,"column":56}},{"start":{"line":116,"column":60},"end":{"line":116,"column":81}}]},"30":{"loc":{"start":{"line":118,"column":24},"end":{"line":142,"column":null}},"type":"if","locations":[{"start":{"line":118,"column":24},"end":{"line":142,"column":null}},{"start":{"line":130,"column":31},"end":{"line":142,"column":null}}]},"31":{"loc":{"start":{"line":122,"column":45},"end":{"line":122,"column":90}},"type":"cond-expr","locations":[{"start":{"line":122,"column":69},"end":{"line":122,"column":82}},{"start":{"line":122,"column":85},"end":{"line":122,"column":90}}]},"32":{"loc":{"start":{"line":125,"column":28},"end":{"line":129,"column":null}},"type":"if","locations":[{"start":{"line":125,"column":28},"end":{"line":129,"column":null}},{"start":{"line":127,"column":35},"end":{"line":129,"column":null}}]},"33":{"loc":{"start":{"line":130,"column":31},"end":{"line":142,"column":null}},"type":"if","locations":[{"start":{"line":130,"column":31},"end":{"line":142,"column":null}},{"start":{"line":136,"column":31},"end":{"line":142,"column":null}}]},"34":{"loc":{"start":{"line":130,"column":35},"end":{"line":132,"column":65}},"type":"binary-expr","locations":[{"start":{"line":130,"column":35},"end":{"line":130,"column":74}},{"start":{"line":131,"column":28},"end":{"line":131,"column":49}},{"start":{"line":132,"column":28},"end":{"line":132,"column":65}}]},"35":{"loc":{"start":{"line":136,"column":31},"end":{"line":142,"column":null}},"type":"if","locations":[{"start":{"line":136,"column":31},"end":{"line":142,"column":null}}]},"36":{"loc":{"start":{"line":136,"column":35},"end":{"line":138,"column":61}},"type":"binary-expr","locations":[{"start":{"line":136,"column":35},"end":{"line":136,"column":73}},{"start":{"line":137,"column":28},"end":{"line":137,"column":49}},{"start":{"line":138,"column":28},"end":{"line":138,"column":61}}]},"37":{"loc":{"start":{"line":163,"column":12},"end":{"line":167,"column":null}},"type":"if","locations":[{"start":{"line":163,"column":12},"end":{"line":167,"column":null}},{"start":{"line":165,"column":19},"end":{"line":167,"column":null}}]},"38":{"loc":{"start":{"line":165,"column":19},"end":{"line":167,"column":null}},"type":"if","locations":[{"start":{"line":165,"column":19},"end":{"line":167,"column":null}}]},"39":{"loc":{"start":{"line":169,"column":12},"end":{"line":171,"column":null}},"type":"if","locations":[{"start":{"line":169,"column":12},"end":{"line":171,"column":null}}]},"40":{"loc":{"start":{"line":169,"column":16},"end":{"line":169,"column":70}},"type":"binary-expr","locations":[{"start":{"line":169,"column":16},"end":{"line":169,"column":39}},{"start":{"line":169,"column":43},"end":{"line":169,"column":70}}]},"41":{"loc":{"start":{"line":174,"column":12},"end":{"line":176,"column":null}},"type":"if","locations":[{"start":{"line":174,"column":12},"end":{"line":176,"column":null}}]},"42":{"loc":{"start":{"line":179,"column":12},"end":{"line":216,"column":null}},"type":"if","locations":[{"start":{"line":179,"column":12},"end":{"line":216,"column":null}},{"start":{"line":214,"column":19},"end":{"line":216,"column":null}}]},"43":{"loc":{"start":{"line":183,"column":16},"end":{"line":206,"column":null}},"type":"if","locations":[{"start":{"line":183,"column":16},"end":{"line":206,"column":null}},{"start":{"line":204,"column":23},"end":{"line":206,"column":null}}]},"44":{"loc":{"start":{"line":183,"column":20},"end":{"line":183,"column":53}},"type":"binary-expr","locations":[{"start":{"line":183,"column":20},"end":{"line":183,"column":33}},{"start":{"line":183,"column":37},"end":{"line":183,"column":53}}]},"45":{"loc":{"start":{"line":187,"column":20},"end":{"line":195,"column":null}},"type":"if","locations":[{"start":{"line":187,"column":20},"end":{"line":195,"column":null}},{"start":{"line":190,"column":27},"end":{"line":195,"column":null}}]},"46":{"loc":{"start":{"line":199,"column":24},"end":{"line":201,"column":null}},"type":"if","locations":[{"start":{"line":199,"column":24},"end":{"line":201,"column":null}}]},"47":{"loc":{"start":{"line":199,"column":28},"end":{"line":199,"column":77}},"type":"binary-expr","locations":[{"start":{"line":199,"column":28},"end":{"line":199,"column":53}},{"start":{"line":199,"column":57},"end":{"line":199,"column":68}},{"start":{"line":199,"column":72},"end":{"line":199,"column":77}}]},"48":{"loc":{"start":{"line":207,"column":16},"end":{"line":212,"column":68}},"type":"if","locations":[{"start":{"line":207,"column":16},"end":{"line":212,"column":68}},{"start":{"line":209,"column":21},"end":{"line":212,"column":68}}]},"49":{"loc":{"start":{"line":207,"column":20},"end":{"line":207,"column":74}},"type":"binary-expr","locations":[{"start":{"line":207,"column":20},"end":{"line":207,"column":44}},{"start":{"line":207,"column":48},"end":{"line":207,"column":74}}]},"50":{"loc":{"start":{"line":209,"column":21},"end":{"line":212,"column":68}},"type":"if","locations":[{"start":{"line":209,"column":21},"end":{"line":212,"column":68}},{"start":{"line":212,"column":20},"end":{"line":212,"column":68}}]},"51":{"loc":{"start":{"line":209,"column":25},"end":{"line":209,"column":78}},"type":"binary-expr","locations":[{"start":{"line":209,"column":25},"end":{"line":209,"column":48}},{"start":{"line":209,"column":52},"end":{"line":209,"column":78}}]},"52":{"loc":{"start":{"line":229,"column":27},"end":{"line":229,"column":121}},"type":"binary-expr","locations":[{"start":{"line":229,"column":27},"end":{"line":229,"column":72}},{"start":{"line":229,"column":76},"end":{"line":229,"column":121}}]},"53":{"loc":{"start":{"line":231,"column":8},"end":{"line":234,"column":48}},"type":"if","locations":[{"start":{"line":231,"column":8},"end":{"line":234,"column":48}},{"start":{"line":233,"column":13},"end":{"line":234,"column":48}}]},"54":{"loc":{"start":{"line":233,"column":13},"end":{"line":234,"column":48}},"type":"if","locations":[{"start":{"line":233,"column":13},"end":{"line":234,"column":48}}]},"55":{"loc":{"start":{"line":236,"column":8},"end":{"line":242,"column":62}},"type":"if","locations":[{"start":{"line":236,"column":8},"end":{"line":242,"column":62}},{"start":{"line":238,"column":13},"end":{"line":242,"column":62}}]},"56":{"loc":{"start":{"line":236,"column":12},"end":{"line":236,"column":67}},"type":"binary-expr","locations":[{"start":{"line":236,"column":12},"end":{"line":236,"column":25}},{"start":{"line":236,"column":29},"end":{"line":236,"column":67}}]},"57":{"loc":{"start":{"line":238,"column":13},"end":{"line":242,"column":62}},"type":"if","locations":[{"start":{"line":238,"column":13},"end":{"line":242,"column":62}}]},"58":{"loc":{"start":{"line":238,"column":17},"end":{"line":241,"column":85}},"type":"binary-expr","locations":[{"start":{"line":238,"column":17},"end":{"line":238,"column":31}},{"start":{"line":239,"column":12},"end":{"line":239,"column":50}},{"start":{"line":240,"column":12},"end":{"line":240,"column":89}},{"start":{"line":241,"column":12},"end":{"line":241,"column":85}}]},"59":{"loc":{"start":{"line":240,"column":28},"end":{"line":240,"column":88}},"type":"cond-expr","locations":[{"start":{"line":240,"column":41},"end":{"line":240,"column":63}},{"start":{"line":240,"column":66},"end":{"line":240,"column":88}}]},"60":{"loc":{"start":{"line":241,"column":24},"end":{"line":241,"column":84}},"type":"cond-expr","locations":[{"start":{"line":241,"column":37},"end":{"line":241,"column":59}},{"start":{"line":241,"column":62},"end":{"line":241,"column":84}}]},"61":{"loc":{"start":{"line":245,"column":8},"end":{"line":246,"column":48}},"type":"if","locations":[{"start":{"line":245,"column":8},"end":{"line":246,"column":48}}]},"62":{"loc":{"start":{"line":249,"column":8},"end":{"line":249,"column":38}},"type":"binary-expr","locations":[{"start":{"line":249,"column":8},"end":{"line":249,"column":21}},{"start":{"line":249,"column":8},"end":{"line":249,"column":37}}]},"63":{"loc":{"start":{"line":252,"column":12},"end":{"line":252,"column":40}},"type":"if","locations":[{"start":{"line":252,"column":12},"end":{"line":252,"column":40}}]},"64":{"loc":{"start":{"line":259,"column":8},"end":{"line":265,"column":null}},"type":"if","locations":[{"start":{"line":259,"column":8},"end":{"line":265,"column":null}},{"start":{"line":262,"column":15},"end":{"line":265,"column":null}}]},"65":{"loc":{"start":{"line":260,"column":12},"end":{"line":261,"column":40}},"type":"if","locations":[{"start":{"line":260,"column":12},"end":{"line":261,"column":40}}]},"66":{"loc":{"start":{"line":263,"column":12},"end":{"line":264,"column":38}},"type":"if","locations":[{"start":{"line":263,"column":12},"end":{"line":264,"column":38}}]},"67":{"loc":{"start":{"line":276,"column":32},"end":{"line":276,"column":91}},"type":"cond-expr","locations":[{"start":{"line":276,"column":70},"end":{"line":276,"column":82}},{"start":{"line":276,"column":85},"end":{"line":276,"column":91}}]},"68":{"loc":{"start":{"line":278,"column":20},"end":{"line":278,"column":73}},"type":"cond-expr","locations":[{"start":{"line":278,"column":57},"end":{"line":278,"column":59}},{"start":{"line":278,"column":62},"end":{"line":278,"column":73}}]},"69":{"loc":{"start":{"line":289,"column":8},"end":{"line":290,"column":19}},"type":"if","locations":[{"start":{"line":289,"column":8},"end":{"line":290,"column":19}}]},"70":{"loc":{"start":{"line":319,"column":12},"end":{"line":319,"column":43}},"type":"if","locations":[{"start":{"line":319,"column":12},"end":{"line":319,"column":43}}]},"71":{"loc":{"start":{"line":323,"column":16},"end":{"line":325,"column":null}},"type":"if","locations":[{"start":{"line":323,"column":16},"end":{"line":325,"column":null}}]},"72":{"loc":{"start":{"line":330,"column":8},"end":{"line":331,"column":66}},"type":"if","locations":[{"start":{"line":330,"column":8},"end":{"line":331,"column":66}}]},"73":{"loc":{"start":{"line":330,"column":12},"end":{"line":330,"column":82}},"type":"binary-expr","locations":[{"start":{"line":330,"column":12},"end":{"line":330,"column":53}},{"start":{"line":330,"column":57},"end":{"line":330,"column":82}}]},"74":{"loc":{"start":{"line":333,"column":8},"end":{"line":342,"column":98}},"type":"if","locations":[{"start":{"line":333,"column":8},"end":{"line":342,"column":98}}]},"75":{"loc":{"start":{"line":333,"column":12},"end":{"line":341,"column":62}},"type":"binary-expr","locations":[{"start":{"line":333,"column":13},"end":{"line":333,"column":52}},{"start":{"line":334,"column":16},"end":{"line":334,"column":57}},{"start":{"line":335,"column":16},"end":{"line":335,"column":74}},{"start":{"line":336,"column":13},"end":{"line":336,"column":52}},{"start":{"line":337,"column":16},"end":{"line":337,"column":57}},{"start":{"line":338,"column":16},"end":{"line":338,"column":59}},{"start":{"line":339,"column":13},"end":{"line":339,"column":52}},{"start":{"line":340,"column":16},"end":{"line":340,"column":57}},{"start":{"line":341,"column":16},"end":{"line":341,"column":61}}]},"76":{"loc":{"start":{"line":344,"column":8},"end":{"line":350,"column":83}},"type":"if","locations":[{"start":{"line":344,"column":8},"end":{"line":350,"column":83}}]},"77":{"loc":{"start":{"line":344,"column":12},"end":{"line":349,"column":39}},"type":"binary-expr","locations":[{"start":{"line":344,"column":13},"end":{"line":344,"column":50}},{"start":{"line":345,"column":16},"end":{"line":345,"column":53}},{"start":{"line":346,"column":16},"end":{"line":346,"column":49}},{"start":{"line":347,"column":13},"end":{"line":347,"column":50}},{"start":{"line":348,"column":16},"end":{"line":348,"column":53}},{"start":{"line":349,"column":16},"end":{"line":349,"column":38}}]},"78":{"loc":{"start":{"line":352,"column":8},"end":{"line":356,"column":29}},"type":"if","locations":[{"start":{"line":352,"column":8},"end":{"line":356,"column":29}}]},"79":{"loc":{"start":{"line":352,"column":12},"end":{"line":354,"column":115}},"type":"binary-expr","locations":[{"start":{"line":352,"column":12},"end":{"line":352,"column":49}},{"start":{"line":352,"column":53},"end":{"line":352,"column":78}},{"start":{"line":353,"column":12},"end":{"line":353,"column":49}},{"start":{"line":353,"column":53},"end":{"line":353,"column":78}},{"start":{"line":354,"column":12},"end":{"line":354,"column":49}},{"start":{"line":354,"column":53},"end":{"line":354,"column":90}},{"start":{"line":354,"column":94},"end":{"line":354,"column":115}}]},"80":{"loc":{"start":{"line":358,"column":8},"end":{"line":361,"column":null}},"type":"if","locations":[{"start":{"line":358,"column":8},"end":{"line":361,"column":null}}]},"81":{"loc":{"start":{"line":363,"column":8},"end":{"line":366,"column":null}},"type":"if","locations":[{"start":{"line":363,"column":8},"end":{"line":366,"column":null}}]},"82":{"loc":{"start":{"line":368,"column":8},"end":{"line":371,"column":null}},"type":"if","locations":[{"start":{"line":368,"column":8},"end":{"line":371,"column":null}}]},"83":{"loc":{"start":{"line":390,"column":8},"end":{"line":394,"column":null}},"type":"if","locations":[{"start":{"line":390,"column":8},"end":{"line":394,"column":null}},{"start":{"line":392,"column":15},"end":{"line":394,"column":null}}]},"84":{"loc":{"start":{"line":402,"column":8},"end":{"line":406,"column":null}},"type":"if","locations":[{"start":{"line":402,"column":8},"end":{"line":406,"column":null}},{"start":{"line":404,"column":15},"end":{"line":406,"column":null}}]},"85":{"loc":{"start":{"line":419,"column":8},"end":{"line":420,"column":29}},"type":"if","locations":[{"start":{"line":419,"column":8},"end":{"line":420,"column":29}}]},"86":{"loc":{"start":{"line":419,"column":12},"end":{"line":419,"column":96}},"type":"binary-expr","locations":[{"start":{"line":419,"column":12},"end":{"line":419,"column":21}},{"start":{"line":419,"column":25},"end":{"line":419,"column":96}}]},"87":{"loc":{"start":{"line":421,"column":8},"end":{"line":422,"column":29}},"type":"if","locations":[{"start":{"line":421,"column":8},"end":{"line":422,"column":29}}]},"88":{"loc":{"start":{"line":421,"column":12},"end":{"line":421,"column":96}},"type":"binary-expr","locations":[{"start":{"line":421,"column":12},"end":{"line":421,"column":21}},{"start":{"line":421,"column":25},"end":{"line":421,"column":96}}]},"89":{"loc":{"start":{"line":436,"column":34},"end":{"line":436,"column":130}},"type":"binary-expr","locations":[{"start":{"line":436,"column":34},"end":{"line":436,"column":80}},{"start":{"line":436,"column":84},"end":{"line":436,"column":130}}]},"90":{"loc":{"start":{"line":437,"column":34},"end":{"line":437,"column":130}},"type":"binary-expr","locations":[{"start":{"line":437,"column":34},"end":{"line":437,"column":80}},{"start":{"line":437,"column":84},"end":{"line":437,"column":130}}]},"91":{"loc":{"start":{"line":440,"column":21},"end":{"line":442,"column":76}},"type":"cond-expr","locations":[{"start":{"line":441,"column":17},"end":{"line":441,"column":75}},{"start":{"line":442,"column":17},"end":{"line":442,"column":75}}]},"92":{"loc":{"start":{"line":441,"column":17},"end":{"line":441,"column":75}},"type":"cond-expr","locations":[{"start":{"line":441,"column":28},"end":{"line":441,"column":50}},{"start":{"line":441,"column":53},"end":{"line":441,"column":75}}]},"93":{"loc":{"start":{"line":442,"column":17},"end":{"line":442,"column":75}},"type":"cond-expr","locations":[{"start":{"line":442,"column":28},"end":{"line":442,"column":50}},{"start":{"line":442,"column":53},"end":{"line":442,"column":75}}]},"94":{"loc":{"start":{"line":444,"column":21},"end":{"line":446,"column":80}},"type":"cond-expr","locations":[{"start":{"line":445,"column":21},"end":{"line":445,"column":79}},{"start":{"line":446,"column":21},"end":{"line":446,"column":79}}]},"95":{"loc":{"start":{"line":445,"column":21},"end":{"line":445,"column":79}},"type":"cond-expr","locations":[{"start":{"line":445,"column":32},"end":{"line":445,"column":54}},{"start":{"line":445,"column":57},"end":{"line":445,"column":79}}]},"96":{"loc":{"start":{"line":446,"column":21},"end":{"line":446,"column":79}},"type":"cond-expr","locations":[{"start":{"line":446,"column":32},"end":{"line":446,"column":54}},{"start":{"line":446,"column":57},"end":{"line":446,"column":79}}]},"97":{"loc":{"start":{"line":452,"column":8},"end":{"line":462,"column":null}},"type":"if","locations":[{"start":{"line":452,"column":8},"end":{"line":462,"column":null}},{"start":{"line":457,"column":15},"end":{"line":462,"column":null}}]},"98":{"loc":{"start":{"line":457,"column":15},"end":{"line":462,"column":null}},"type":"if","locations":[{"start":{"line":457,"column":15},"end":{"line":462,"column":null}}]},"99":{"loc":{"start":{"line":457,"column":19},"end":{"line":457,"column":85}},"type":"binary-expr","locations":[{"start":{"line":457,"column":19},"end":{"line":457,"column":43}},{"start":{"line":457,"column":47},"end":{"line":457,"column":85}}]},"100":{"loc":{"start":{"line":464,"column":8},"end":{"line":465,"column":38}},"type":"if","locations":[{"start":{"line":464,"column":8},"end":{"line":465,"column":38}}]},"101":{"loc":{"start":{"line":464,"column":12},"end":{"line":464,"column":99}},"type":"binary-expr","locations":[{"start":{"line":464,"column":13},"end":{"line":464,"column":64}},{"start":{"line":464,"column":69},"end":{"line":464,"column":99}}]},"102":{"loc":{"start":{"line":464,"column":13},"end":{"line":464,"column":64}},"type":"cond-expr","locations":[{"start":{"line":464,"column":32},"end":{"line":464,"column":40}},{"start":{"line":464,"column":43},"end":{"line":464,"column":64}}]},"103":{"loc":{"start":{"line":464,"column":43},"end":{"line":464,"column":64}},"type":"binary-expr","locations":[{"start":{"line":464,"column":43},"end":{"line":464,"column":51}},{"start":{"line":464,"column":55},"end":{"line":464,"column":64}}]},"104":{"loc":{"start":{"line":541,"column":8},"end":{"line":550,"column":null}},"type":"if","locations":[{"start":{"line":541,"column":8},"end":{"line":550,"column":null}},{"start":{"line":543,"column":15},"end":{"line":550,"column":null}}]},"105":{"loc":{"start":{"line":545,"column":12},"end":{"line":546,"column":114}},"type":"if","locations":[{"start":{"line":545,"column":12},"end":{"line":546,"column":114}}]},"106":{"loc":{"start":{"line":547,"column":12},"end":{"line":548,"column":66}},"type":"if","locations":[{"start":{"line":547,"column":12},"end":{"line":548,"column":66}}]},"107":{"loc":{"start":{"line":547,"column":16},"end":{"line":547,"column":78}},"type":"binary-expr","locations":[{"start":{"line":547,"column":16},"end":{"line":547,"column":25}},{"start":{"line":547,"column":29},"end":{"line":547,"column":78}}]},"108":{"loc":{"start":{"line":555,"column":8},"end":{"line":564,"column":null}},"type":"if","locations":[{"start":{"line":555,"column":8},"end":{"line":564,"column":null}},{"start":{"line":557,"column":15},"end":{"line":564,"column":null}}]},"109":{"loc":{"start":{"line":559,"column":12},"end":{"line":560,"column":114}},"type":"if","locations":[{"start":{"line":559,"column":12},"end":{"line":560,"column":114}}]},"110":{"loc":{"start":{"line":561,"column":12},"end":{"line":562,"column":67}},"type":"if","locations":[{"start":{"line":561,"column":12},"end":{"line":562,"column":67}}]},"111":{"loc":{"start":{"line":561,"column":16},"end":{"line":561,"column":78}},"type":"binary-expr","locations":[{"start":{"line":561,"column":16},"end":{"line":561,"column":25}},{"start":{"line":561,"column":29},"end":{"line":561,"column":78}}]}},"s":{"0":2,"1":2,"2":863,"3":156,"4":18,"5":18,"6":3,"7":3,"8":153,"9":8,"10":8,"11":2,"12":2,"13":151,"14":108,"15":1,"16":107,"17":107,"18":4,"19":4,"20":4,"21":4,"22":107,"23":6,"24":6,"25":5,"26":6,"27":107,"28":107,"29":107,"30":107,"31":100,"32":100,"33":100,"34":100,"35":100,"36":100,"37":100,"38":90,"39":19,"40":19,"41":10,"42":10,"43":4,"44":4,"45":4,"46":4,"47":4,"48":1,"49":3,"50":6,"51":3,"52":3,"53":3,"54":3,"55":3,"56":3,"57":3,"58":19,"59":19,"60":71,"61":71,"62":71,"63":71,"64":10,"65":100,"66":100,"67":100,"68":100,"69":100,"70":3,"71":97,"72":1,"73":100,"74":1,"75":100,"76":5,"77":100,"78":86,"79":86,"80":86,"81":86,"82":73,"83":73,"84":18,"85":18,"86":55,"87":55,"88":101,"89":55,"90":73,"91":73,"92":286,"93":286,"94":36,"95":286,"96":13,"97":86,"98":14,"99":72,"100":1,"101":71,"102":86,"103":14,"104":7,"105":107,"106":107,"107":107,"108":107,"109":107,"110":107,"111":22,"112":85,"113":17,"114":107,"115":2,"116":105,"117":2,"118":107,"119":86,"120":107,"121":107,"122":107,"123":107,"124":1,"125":107,"126":107,"127":22,"128":1,"129":85,"130":2,"131":30,"132":30,"133":30,"134":30,"135":30,"136":30,"137":30,"138":30,"139":30,"140":30,"141":30,"142":2,"143":1,"144":1,"145":1,"146":1,"147":1,"148":1,"149":30,"150":65,"151":13,"152":3,"153":10,"154":10,"155":10,"156":7,"157":1,"158":9,"159":65,"160":2,"161":63,"162":4,"163":59,"164":2,"165":57,"166":4,"167":53,"168":1,"169":1,"170":53,"171":1,"172":1,"173":53,"174":1,"175":1,"176":53,"177":53,"178":53,"179":53,"180":53,"181":53,"182":53,"183":53,"184":53,"185":53,"186":8,"187":7,"188":1,"189":8,"190":6,"191":5,"192":1,"193":6,"194":38,"195":38,"196":38,"197":1,"198":38,"199":1,"200":38,"201":190,"202":190,"203":190,"204":190,"205":190,"206":190,"207":161,"208":161,"209":161,"210":12,"211":29,"212":13,"213":13,"214":13,"215":26,"216":190,"217":26,"218":190,"219":101,"220":2,"221":2,"222":3,"223":7,"224":7,"225":1,"226":1,"227":1,"228":8,"229":1,"230":7,"231":7,"232":1,"233":6,"234":1,"235":5,"236":6,"237":7,"238":1,"239":6,"240":6,"241":1,"242":5,"243":1,"244":4,"245":5,"246":1,"247":2},"f":{"0":863,"1":156,"2":108,"3":30,"4":2,"5":30,"6":65,"7":13,"8":8,"9":6,"10":38,"11":190,"12":101,"13":2,"14":2,"15":3,"16":7,"17":1,"18":1,"19":1,"20":8,"21":7,"22":1},"b":{"0":[18],"1":[3],"2":[8],"3":[2],"4":[1],"5":[4],"6":[107,4],"7":[6],"8":[5],"9":[107,94],"10":[107,10],"11":[100,7],"12":[107,13],"13":[96,4],"14":[7,89],"15":[1,3],"16":[96,4],"17":[7,89],"18":[1,3],"19":[96,4],"20":[7,89],"21":[1,3],"22":[96,4],"23":[7,89],"24":[1,3],"25":[90,10],"26":[100,90],"27":[19,71],"28":[10],"29":[19,17,17],"30":[4,6],"31":[1,3],"32":[1,3],"33":[3,3],"34":[6,3,3],"35":[3],"36":[3,3,3],"37":[3,97],"38":[1],"39":[1],"40":[100,1],"41":[5],"42":[86,14],"43":[73,13],"44":[86,86],"45":[18,55],"46":[36],"47":[286,104,49],"48":[14,72],"49":[86,85],"50":[1,71],"51":[72,1],"52":[107,9],"53":[22,85],"54":[17],"55":[2,105],"56":[107,21],"57":[2],"58":[105,86,6,6],"59":[2,4],"60":[2,4],"61":[86],"62":[107,86],"63":[1],"64":[22,85],"65":[1],"66":[2],"67":[28,2],"68":[2,28],"69":[1],"70":[3],"71":[1],"72":[2],"73":[65,12],"74":[4],"75":[63,9,6,61,7,3,60,54,4],"76":[2],"77":[59,12,9,58,11,3],"78":[4],"79":[57,10,55,9,54,8,1],"80":[1],"81":[1],"82":[1],"83":[7,1],"84":[5,1],"85":[1],"86":[38,9],"87":[1],"88":[38,4],"89":[190,167],"90":[190,30],"91":[178,12],"92":[24,154],"93":[7,5],"94":[178,12],"95":[24,154],"96":[7,5],"97":[161,29],"98":[13],"99":[29,29],"100":[26],"101":[190,29],"102":[178,12],"103":[12,6],"104":[1,7],"105":[1],"106":[1],"107":[6,1],"108":[1,6],"109":[1],"110":[1],"111":[5,5]}}
}
