TN:
SF:src\index.ts
FN:6,(anonymous_0)
FN:35,(anonymous_1)
FN:56,(anonymous_2)
FN:275,(anonymous_3)
FN:288,(anonymous_4)
FN:306,(anonymous_5)
FN:316,(anonymous_6)
FN:318,(anonymous_7)
FN:389,(anonymous_8)
FN:401,(anonymous_9)
FN:415,(anonymous_10)
FN:432,(anonymous_11)
FN:472,(anonymous_12)
FN:479,(anonymous_13)
FN:486,(anonymous_14)
FN:493,(anonymous_15)
FN:503,(anonymous_16)
FN:514,(anonymous_17)
FN:523,(anonymous_18)
FN:532,(anonymous_19)
FN:540,(anonymous_20)
FN:554,(anonymous_21)
FN:572,(anonymous_22)
FNF:23
FNH:23
FNDA:863,(anonymous_0)
FNDA:156,(anonymous_1)
FNDA:108,(anonymous_2)
FNDA:30,(anonymous_3)
FNDA:2,(anonymous_4)
FNDA:30,(anonymous_5)
FNDA:65,(anonymous_6)
FNDA:13,(anonymous_7)
FNDA:8,(anonymous_8)
FNDA:6,(anonymous_9)
FNDA:38,(anonymous_10)
FNDA:190,(anonymous_11)
FNDA:101,(anonymous_12)
FNDA:2,(anonymous_13)
FNDA:2,(anonymous_14)
FNDA:3,(anonymous_15)
FNDA:7,(anonymous_16)
FNDA:1,(anonymous_17)
FNDA:1,(anonymous_18)
FNDA:1,(anonymous_19)
FNDA:8,(anonymous_20)
FNDA:7,(anonymous_21)
FNDA:1,(anonymous_22)
DA:1,2
DA:6,2
DA:7,863
DA:10,2
DA:13,30
DA:14,30
DA:18,30
DA:19,30
DA:20,30
DA:29,30
DA:37,156
DA:38,18
DA:39,18
DA:40,3
DA:41,3
DA:45,153
DA:46,8
DA:47,8
DA:48,2
DA:49,2
DA:53,151
DA:57,108
DA:58,107
DA:60,107
DA:62,4
DA:63,4
DA:68,4
DA:69,4
DA:77,107
DA:78,6
DA:79,6
DA:80,5
DA:82,6
DA:89,107
DA:90,107
DA:91,107
DA:93,107
DA:94,100
DA:95,100
DA:98,100
DA:101,100
DA:104,100
DA:107,100
DA:108,100
DA:109,90
DA:114,19
DA:116,19
DA:117,10
DA:118,10
DA:119,4
DA:121,4
DA:122,4
DA:124,4
DA:125,4
DA:126,1
DA:128,3
DA:130,6
DA:133,3
DA:134,3
DA:135,3
DA:136,3
DA:139,3
DA:140,3
DA:141,3
DA:144,19
DA:145,19
DA:147,71
DA:148,71
DA:149,71
DA:150,71
DA:153,10
DA:155,100
DA:157,100
DA:159,100
DA:161,100
DA:163,100
DA:164,3
DA:165,97
DA:166,1
DA:169,100
DA:170,1
DA:174,100
DA:175,5
DA:179,100
DA:180,86
DA:181,86
DA:182,86
DA:183,86
DA:184,73
DA:187,73
DA:188,18
DA:189,18
DA:191,55
DA:192,101
DA:194,55
DA:197,73
DA:198,286
DA:199,286
DA:200,36
DA:202,286
DA:205,13
DA:207,86
DA:208,14
DA:209,72
DA:210,1
DA:212,71
DA:213,86
DA:215,14
DA:218,7
DA:224,107
DA:225,107
DA:226,107
DA:228,107
DA:229,107
DA:231,107
DA:232,22
DA:233,85
DA:234,17
DA:236,107
DA:237,2
DA:238,105
DA:242,2
DA:245,107
DA:246,86
DA:248,107
DA:249,107
DA:251,107
DA:252,107
DA:253,107
DA:259,107
DA:260,22
DA:261,1
DA:263,85
DA:264,2
DA:276,30
DA:277,30
DA:278,30
DA:279,30
DA:280,30
DA:289,2
DA:290,1
DA:291,1
DA:292,1
DA:293,1
DA:294,1
DA:295,1
DA:307,30
DA:318,65
DA:319,13
DA:320,10
DA:321,10
DA:322,10
DA:323,7
DA:324,1
DA:327,9
DA:330,65
DA:331,2
DA:333,63
DA:342,4
DA:344,59
DA:350,2
DA:352,57
DA:355,4
DA:358,53
DA:359,1
DA:360,1
DA:363,53
DA:364,1
DA:365,1
DA:368,53
DA:369,1
DA:370,1
DA:373,53
DA:374,53
DA:376,53
DA:377,53
DA:378,53
DA:379,53
DA:380,53
DA:381,53
DA:382,53
DA:383,53
DA:390,8
DA:391,7
DA:393,1
DA:395,8
DA:402,6
DA:403,5
DA:405,1
DA:407,6
DA:416,38
DA:417,38
DA:419,38
DA:420,1
DA:421,38
DA:422,1
DA:424,38
DA:434,190
DA:436,190
DA:437,190
DA:439,190
DA:451,190
DA:452,190
DA:453,161
DA:454,161
DA:455,12
DA:457,29
DA:458,13
DA:459,13
DA:460,26
DA:464,190
DA:465,26
DA:466,190
DA:473,101
DA:480,2
DA:487,2
DA:494,3
DA:504,7
DA:505,7
DA:515,1
DA:524,1
DA:533,1
DA:541,8
DA:542,1
DA:544,7
DA:545,7
DA:546,1
DA:547,6
DA:548,1
DA:549,5
DA:551,6
DA:555,7
DA:556,1
DA:558,6
DA:559,6
DA:560,1
DA:561,5
DA:562,1
DA:563,4
DA:565,5
DA:573,1
LF:241
LH:241
BRDA:37,0,0,18
BRDA:39,1,0,3
BRDA:45,2,0,8
BRDA:47,3,0,2
BRDA:57,4,0,1
BRDA:60,5,0,4
BRDA:60,6,0,107
BRDA:60,6,1,4
BRDA:77,7,0,6
BRDA:79,8,0,5
BRDA:90,9,0,107
BRDA:90,9,1,94
BRDA:91,10,0,107
BRDA:91,10,1,10
BRDA:93,11,0,100
BRDA:93,11,1,7
BRDA:93,12,0,107
BRDA:93,12,1,13
BRDA:95,13,0,96
BRDA:95,13,1,4
BRDA:96,14,0,7
BRDA:96,14,1,89
BRDA:97,15,0,1
BRDA:97,15,1,3
BRDA:98,16,0,96
BRDA:98,16,1,4
BRDA:99,17,0,7
BRDA:99,17,1,89
BRDA:100,18,0,1
BRDA:100,18,1,3
BRDA:101,19,0,96
BRDA:101,19,1,4
BRDA:102,20,0,7
BRDA:102,20,1,89
BRDA:103,21,0,1
BRDA:103,21,1,3
BRDA:104,22,0,96
BRDA:104,22,1,4
BRDA:105,23,0,7
BRDA:105,23,1,89
BRDA:106,24,0,1
BRDA:106,24,1,3
BRDA:108,25,0,90
BRDA:108,25,1,10
BRDA:108,26,0,100
BRDA:108,26,1,90
BRDA:109,27,0,19
BRDA:109,27,1,71
BRDA:116,28,0,10
BRDA:116,29,0,19
BRDA:116,29,1,17
BRDA:116,29,2,17
BRDA:118,30,0,4
BRDA:118,30,1,6
BRDA:122,31,0,1
BRDA:122,31,1,3
BRDA:125,32,0,1
BRDA:125,32,1,3
BRDA:130,33,0,3
BRDA:130,33,1,3
BRDA:130,34,0,6
BRDA:130,34,1,3
BRDA:130,34,2,3
BRDA:136,35,0,3
BRDA:136,36,0,3
BRDA:136,36,1,3
BRDA:136,36,2,3
BRDA:163,37,0,3
BRDA:163,37,1,97
BRDA:165,38,0,1
BRDA:169,39,0,1
BRDA:169,40,0,100
BRDA:169,40,1,1
BRDA:174,41,0,5
BRDA:179,42,0,86
BRDA:179,42,1,14
BRDA:183,43,0,73
BRDA:183,43,1,13
BRDA:183,44,0,86
BRDA:183,44,1,86
BRDA:187,45,0,18
BRDA:187,45,1,55
BRDA:199,46,0,36
BRDA:199,47,0,286
BRDA:199,47,1,104
BRDA:199,47,2,49
BRDA:207,48,0,14
BRDA:207,48,1,72
BRDA:207,49,0,86
BRDA:207,49,1,85
BRDA:209,50,0,1
BRDA:209,50,1,71
BRDA:209,51,0,72
BRDA:209,51,1,1
BRDA:229,52,0,107
BRDA:229,52,1,9
BRDA:231,53,0,22
BRDA:231,53,1,85
BRDA:233,54,0,17
BRDA:236,55,0,2
BRDA:236,55,1,105
BRDA:236,56,0,107
BRDA:236,56,1,21
BRDA:238,57,0,2
BRDA:238,58,0,105
BRDA:238,58,1,86
BRDA:238,58,2,6
BRDA:238,58,3,6
BRDA:240,59,0,2
BRDA:240,59,1,4
BRDA:241,60,0,2
BRDA:241,60,1,4
BRDA:245,61,0,86
BRDA:249,62,0,107
BRDA:249,62,1,86
BRDA:252,63,0,1
BRDA:259,64,0,22
BRDA:259,64,1,85
BRDA:260,65,0,1
BRDA:263,66,0,2
BRDA:276,67,0,28
BRDA:276,67,1,2
BRDA:278,68,0,2
BRDA:278,68,1,28
BRDA:289,69,0,1
BRDA:319,70,0,3
BRDA:323,71,0,1
BRDA:330,72,0,2
BRDA:330,73,0,65
BRDA:330,73,1,12
BRDA:333,74,0,4
BRDA:333,75,0,63
BRDA:333,75,1,9
BRDA:333,75,2,6
BRDA:333,75,3,61
BRDA:333,75,4,7
BRDA:333,75,5,3
BRDA:333,75,6,60
BRDA:333,75,7,54
BRDA:333,75,8,4
BRDA:344,76,0,2
BRDA:344,77,0,59
BRDA:344,77,1,12
BRDA:344,77,2,9
BRDA:344,77,3,58
BRDA:344,77,4,11
BRDA:344,77,5,3
BRDA:352,78,0,4
BRDA:352,79,0,57
BRDA:352,79,1,10
BRDA:352,79,2,55
BRDA:352,79,3,9
BRDA:352,79,4,54
BRDA:352,79,5,8
BRDA:352,79,6,1
BRDA:358,80,0,1
BRDA:363,81,0,1
BRDA:368,82,0,1
BRDA:390,83,0,7
BRDA:390,83,1,1
BRDA:402,84,0,5
BRDA:402,84,1,1
BRDA:419,85,0,1
BRDA:419,86,0,38
BRDA:419,86,1,9
BRDA:421,87,0,1
BRDA:421,88,0,38
BRDA:421,88,1,4
BRDA:436,89,0,190
BRDA:436,89,1,167
BRDA:437,90,0,190
BRDA:437,90,1,30
BRDA:440,91,0,178
BRDA:440,91,1,12
BRDA:441,92,0,24
BRDA:441,92,1,154
BRDA:442,93,0,7
BRDA:442,93,1,5
BRDA:444,94,0,178
BRDA:444,94,1,12
BRDA:445,95,0,24
BRDA:445,95,1,154
BRDA:446,96,0,7
BRDA:446,96,1,5
BRDA:452,97,0,161
BRDA:452,97,1,29
BRDA:457,98,0,13
BRDA:457,99,0,29
BRDA:457,99,1,29
BRDA:464,100,0,26
BRDA:464,101,0,190
BRDA:464,101,1,29
BRDA:464,102,0,178
BRDA:464,102,1,12
BRDA:464,103,0,12
BRDA:464,103,1,6
BRDA:541,104,0,1
BRDA:541,104,1,7
BRDA:545,105,0,1
BRDA:547,106,0,1
BRDA:547,107,0,6
BRDA:547,107,1,1
BRDA:555,108,0,1
BRDA:555,108,1,6
BRDA:559,109,0,1
BRDA:561,110,0,1
BRDA:561,111,0,5
BRDA:561,111,1,5
BRF:208
BRH:208
end_of_record
